# JRE version: OpenJDK Runtime Environment (11.0.11+9) (build 11.0.11+9-b60-7590822)
# Java VM: OpenJDK 64-Bit Server VM (11.0.11+9-b60-7590822, mixed mode, tiered, compressed oops, g1 gc, windows-amd64)
Heap:
 garbage-first heap   total 693248K, used 226358K [0x0000000080000000, 0x0000000100000000)
  region size 1024K, 3 young (3072K), 3 survivors (3072K)
 Metaspace       used 158643K, capacity 164066K, committed 164604K, reserved 1191936K
  class space    used 19357K, capacity 21279K, committed 21632K, reserved 1048576K
GC Heap History (20 events):
Event: 16561.250 GC heap after
{Heap after GC invocations=236 (full 0):
 garbage-first heap   total 290816K, used 185529K [0x0000000080000000, 0x0000000100000000)
  region size 1024K, 1 young (1024K), 1 survivors (1024K)
 Metaspace       used 155165K, capacity 160354K, committed 161276K, reserved 1189888K
  class space    used 18992K, capacity 20826K, committed 21376K, reserved 1048576K
}
Event: 16561.680 GC heap before
{Heap before GC invocations=236 (full 0):
 garbage-first heap   total 290816K, used 231609K [0x0000000080000000, 0x0000000100000000)
  region size 1024K, 47 young (48128K), 1 survivors (1024K)
 Metaspace       used 155745K, capacity 160963K, committed 161788K, reserved 1189888K
  class space    used 19017K, capacity 20858K, committed 21376K, reserved 1048576K
}
Event: 16561.704 GC heap after
{Heap after GC invocations=237 (full 0):
 garbage-first heap   total 290816K, used 190186K [0x0000000080000000, 0x0000000100000000)
  region size 1024K, 6 young (6144K), 6 survivors (6144K)
 Metaspace       used 155745K, capacity 160963K, committed 161788K, reserved 1189888K
  class space    used 19017K, capacity 20858K, committed 21376K, reserved 1048576K
}
Event: 16564.240 GC heap before
{Heap before GC invocations=238 (full 0):
 garbage-first heap   total 290816K, used 216810K [0x0000000080000000, 0x0000000100000000)
  region size 1024K, 51 young (52224K), 6 survivors (6144K)
 Metaspace       used 156858K, capacity 162016K, committed 162684K, reserved 1189888K
  class space    used 19137K, capacity 20971K, committed 21504K, reserved 1048576K
}
Event: 16564.277 GC heap after
{Heap after GC invocations=239 (full 0):
 garbage-first heap   total 290816K, used 170713K [0x0000000080000000, 0x0000000100000000)
  region size 1024K, 2 young (2048K), 2 survivors (2048K)
 Metaspace       used 156858K, capacity 162016K, committed 162684K, reserved 1189888K
  class space    used 19137K, capacity 20971K, committed 21504K, reserved 1048576K
}
Event: 16564.634 GC heap before
{Heap before GC invocations=239 (full 0):
 garbage-first heap   total 290816K, used 181977K [0x0000000080000000, 0x0000000100000000)
  region size 1024K, 14 young (14336K), 2 survivors (2048K)
 Metaspace       used 157401K, capacity 162651K, committed 163196K, reserved 1191936K
  class space    used 19202K, capacity 21052K, committed 21504K, reserved 1048576K
}
Event: 16564.700 GC heap after
{Heap after GC invocations=240 (full 0):
 garbage-first heap   total 290816K, used 150577K [0x0000000080000000, 0x0000000100000000)
  region size 1024K, 2 young (2048K), 2 survivors (2048K)
 Metaspace       used 157401K, capacity 162651K, committed 163196K, reserved 1191936K
  class space    used 19202K, capacity 21052K, committed 21504K, reserved 1048576K
}
Event: 16564.904 GC heap before
{Heap before GC invocations=240 (full 0):
 garbage-first heap   total 290816K, used 161841K [0x0000000080000000, 0x0000000100000000)
  region size 1024K, 14 young (14336K), 2 survivors (2048K)
 Metaspace       used 157408K, capacity 162655K, committed 163196K, reserved 1191936K
  class space    used 19203K, capacity 21053K, committed 21504K, reserved 1048576K
}
Event: 16564.930 GC heap after
{Heap after GC invocations=241 (full 0):
 garbage-first heap   total 290816K, used 152487K [0x0000000080000000, 0x0000000100000000)
  region size 1024K, 2 young (2048K), 2 survivors (2048K)
 Metaspace       used 157408K, capacity 162655K, committed 163196K, reserved 1191936K
  class space    used 19203K, capacity 21053K, committed 21504K, reserved 1048576K
}
Event: 16566.037 GC heap before
{Heap before GC invocations=241 (full 0):
 garbage-first heap   total 290816K, used 193447K [0x0000000080000000, 0x0000000100000000)
  region size 1024K, 44 young (45056K), 2 survivors (2048K)
 Metaspace       used 157957K, capacity 163230K, committed 163708K, reserved 1191936K
  class space    used 19277K, capacity 21134K, committed 21504K, reserved 1048576K
}
Event: 16566.065 GC heap after
{Heap after GC invocations=242 (full 0):
 garbage-first heap   total 290816K, used 152403K [0x0000000080000000, 0x0000000100000000)
  region size 1024K, 2 young (2048K), 2 survivors (2048K)
 Metaspace       used 157957K, capacity 163230K, committed 163708K, reserved 1191936K
  class space    used 19277K, capacity 21134K, committed 21504K, reserved 1048576K
}
Event: 16567.724 GC heap before
{Heap before GC invocations=243 (full 0):
 garbage-first heap   total 290816K, used 231251K [0x0000000080000000, 0x0000000100000000)
  region size 1024K, 66 young (67584K), 2 survivors (2048K)
 Metaspace       used 158155K, capacity 163475K, committed 163964K, reserved 1191936K
  class space    used 19291K, capacity 21150K, committed 21504K, reserved 1048576K
}
Event: 16567.863 GC heap after
{Heap after GC invocations=244 (full 0):
 garbage-first heap   total 404480K, used 188739K [0x0000000080000000, 0x0000000100000000)
  region size 1024K, 9 young (9216K), 9 survivors (9216K)
 Metaspace       used 158155K, capacity 163475K, committed 163964K, reserved 1191936K
  class space    used 19291K, capacity 21150K, committed 21504K, reserved 1048576K
}
Event: 16567.908 GC heap before
{Heap before GC invocations=244 (full 0):
 garbage-first heap   total 404480K, used 197955K [0x0000000080000000, 0x0000000100000000)
  region size 1024K, 19 young (19456K), 9 survivors (9216K)
 Metaspace       used 158172K, capacity 163539K, committed 163964K, reserved 1191936K
  class space    used 19291K, capacity 21150K, committed 21504K, reserved 1048576K
}
Event: 16567.943 GC heap after
{Heap after GC invocations=245 (full 0):
 garbage-first heap   total 404480K, used 194304K [0x0000000080000000, 0x0000000100000000)
  region size 1024K, 3 young (3072K), 3 survivors (3072K)
 Metaspace       used 158172K, capacity 163539K, committed 163964K, reserved 1191936K
  class space    used 19291K, capacity 21150K, committed 21504K, reserved 1048576K
}
Event: 16569.199 GC heap before
{Heap before GC invocations=245 (full 0):
 garbage-first heap   total 404480K, used 279296K [0x0000000080000000, 0x0000000100000000)
  region size 1024K, 87 young (89088K), 3 survivors (3072K)
 Metaspace       used 158620K, capacity 164090K, committed 164604K, reserved 1191936K
  class space    used 19362K, capacity 21288K, committed 21632K, reserved 1048576K
}
Event: 16569.291 GC heap after
{Heap after GC invocations=246 (full 0):
 garbage-first heap   total 404480K, used 220865K [0x0000000080000000, 0x0000000100000000)
  region size 1024K, 11 young (11264K), 11 survivors (11264K)
 Metaspace       used 158620K, capacity 164090K, committed 164604K, reserved 1191936K
  class space    used 19362K, capacity 21288K, committed 21632K, reserved 1048576K
}
Event: 16572.041 GC heap before
{Heap before GC invocations=247 (full 0):
 garbage-first heap   total 404480K, used 296641K [0x0000000080000000, 0x0000000100000000)
  region size 1024K, 85 young (87040K), 11 survivors (11264K)
 Metaspace       used 158638K, capacity 164066K, committed 164604K, reserved 1191936K
  class space    used 19357K, capacity 21279K, committed 21632K, reserved 1048576K
}
Event: 16572.103 GC heap after
{Heap after GC invocations=248 (full 0):
 garbage-first heap   total 404480K, used 230144K [0x0000000080000000, 0x0000000100000000)
  region size 1024K, 8 young (8192K), 8 survivors (8192K)
 Metaspace       used 158638K, capacity 164066K, committed 164604K, reserved 1191936K
  class space    used 19357K, capacity 21279K, committed 21632K, reserved 1048576K
}
Event: 16572.192 GC heap before
{Heap before GC invocations=248 (full 0):
 garbage-first heap   total 404480K, used 243456K [0x0000000080000000, 0x0000000100000000)
  region size 1024K, 19 young (19456K), 8 survivors (8192K)
 Metaspace       used 158643K, capacity 164066K, committed 164604K, reserved 1191936K
  class space    used 19357K, capacity 21279K, committed 21632K, reserved 1048576K
}

